# JRE version: OpenJDK Runtime Environment Temurin-21.0.9+10 (21.0.9+10) (build 21.0.9+10-LTS)
# Java VM: OpenJDK 64-Bit Server VM Temurin-21.0.9+10 (21.0.9+10-LTS, mixed mode, sharing, tiered, compressed oops, compressed class ptrs, parallel gc, windows-amd64)
GC Precious Log:
 CardTable entry size: 512
 CPUs: 16 total, 16 available
 Memory: 15591M
 Large Page Support: Disabled
 NUMA Support: Disabled
 Compressed Oops: Enabled (32-bit)
 Alignments: Space 512K, Generation 512K, Heap 2M
 Heap Min Capacity: 100M
 Heap Initial Capacity: 100M
 Heap Max Capacity: 2G
 Pre-touch: Disabled
 Parallel Workers: 13
Heap:
 PSYoungGen      total 22528K, used 8919K [0x00000000d5580000, 0x00000000d7280000, 0x0000000100000000)
  eden space 22016K, 38% used [0x00000000d5580000,0x00000000d5db8220,0x00000000d6b00000)
  from space 512K, 98% used [0x00000000d7200000,0x00000000d727dd70,0x00000000d7280000)
  to   space 1024K, 0% used [0x00000000d7080000,0x00000000d7080000,0x00000000d7180000)
 ParOldGen       total 68608K, used 38993K [0x0000000080000000, 0x0000000084300000, 0x00000000d5580000)
  object space 68608K, 56% used [0x0000000080000000,0x0000000082614720,0x0000000084300000)
 Metaspace       used 59127K, committed 60416K, reserved 1114112K
  class space    used 7437K, committed 8064K, reserved 1048576K
GC Heap History (20 events):
Event: 26.189 GC heap before
{Heap before GC invocations=28 (full 2):
 PSYoungGen      total 24576K, used 22656K [0x00000000d5580000, 0x00000000d7400000, 0x0000000100000000)
  eden space 22016K, 100% used [0x00000000d5580000,0x00000000d6b00000,0x00000000d6b00000)
  from space 2560K, 25% used [0x00000000d6f80000,0x00000000d7020000,0x00000000d7200000)
  to   space 1024K, 0% used [0x00000000d7300000,0x00000000d7300000,0x00000000d7400000)
 ParOldGen       total 68608K, used 39106K [0x0000000080000000, 0x0000000084300000, 0x00000000d5580000)
  object space 68608K, 56% used [0x0000000080000000,0x0000000082630948,0x0000000084300000)
 Metaspace       used 52798K, committed 54080K, reserved 1114112K
  class space    used 6231K, committed 6848K, reserved 1048576K
}
Event: 26.192 GC heap after
{Heap after GC invocations=28 (full 2):
 PSYoungGen      total 22528K, used 320K [0x00000000d5580000, 0x00000000d7380000, 0x0000000100000000)
  eden space 22016K, 0% used [0x00000000d5580000,0x00000000d5580000,0x00000000d6b00000)
  from space 512K, 62% used [0x00000000d7300000,0x00000000d7350000,0x00000000d7380000)
  to   space 512K, 0% used [0x00000000d7280000,0x00000000d7280000,0x00000000d7300000)
 ParOldGen       total 68608K, used 39570K [0x0000000080000000, 0x0000000084300000, 0x00000000d5580000)
  object space 68608K, 57% used [0x0000000080000000,0x00000000826a4948,0x0000000084300000)
 Metaspace       used 52798K, committed 54080K, reserved 1114112K
  class space    used 6231K, committed 6848K, reserved 1048576K
}
Event: 27.611 GC heap before
{Heap before GC invocations=29 (full 2):
 PSYoungGen      total 22528K, used 22336K [0x00000000d5580000, 0x00000000d7380000, 0x0000000100000000)
  eden space 22016K, 100% used [0x00000000d5580000,0x00000000d6b00000,0x00000000d6b00000)
  from space 512K, 62% used [0x00000000d7300000,0x00000000d7350000,0x00000000d7380000)
  to   space 512K, 0% used [0x00000000d7280000,0x00000000d7280000,0x00000000d7300000)
 ParOldGen       total 68608K, used 39570K [0x0000000080000000, 0x0000000084300000, 0x00000000d5580000)
  object space 68608K, 57% used [0x0000000080000000,0x00000000826a4948,0x0000000084300000)
 Metaspace       used 52844K, committed 54144K, reserved 1114112K
  class space    used 6239K, committed 6848K, reserved 1048576K
}
Event: 27.613 GC heap after
{Heap after GC invocations=29 (full 2):
 PSYoungGen      total 22528K, used 352K [0x00000000d5580000, 0x00000000d7380000, 0x0000000100000000)
  eden space 22016K, 0% used [0x00000000d5580000,0x00000000d5580000,0x00000000d6b00000)
  from space 512K, 68% used [0x00000000d7280000,0x00000000d72d8000,0x00000000d7300000)
  to   space 512K, 0% used [0x00000000d7300000,0x00000000d7300000,0x00000000d7380000)
 ParOldGen       total 68608K, used 39666K [0x0000000080000000, 0x0000000084300000, 0x00000000d5580000)
  object space 68608K, 57% used [0x0000000080000000,0x00000000826bc948,0x0000000084300000)
 Metaspace       used 52844K, committed 54144K, reserved 1114112K
  class space    used 6239K, committed 6848K, reserved 1048576K
}
Event: 28.529 GC heap before
{Heap before GC invocations=30 (full 2):
 PSYoungGen      total 22528K, used 22368K [0x00000000d5580000, 0x00000000d7380000, 0x0000000100000000)
  eden space 22016K, 100% used [0x00000000d5580000,0x00000000d6b00000,0x00000000d6b00000)
  from space 512K, 68% used [0x00000000d7280000,0x00000000d72d8000,0x00000000d7300000)
  to   space 512K, 0% used [0x00000000d7300000,0x00000000d7300000,0x00000000d7380000)
 ParOldGen       total 68608K, used 39666K [0x0000000080000000, 0x0000000084300000, 0x00000000d5580000)
  object space 68608K, 57% used [0x0000000080000000,0x00000000826bc948,0x0000000084300000)
 Metaspace       used 54121K, committed 55360K, reserved 1114112K
  class space    used 6414K, committed 6976K, reserved 1048576K
}
Event: 28.532 GC heap after
{Heap after GC invocations=30 (full 2):
 PSYoungGen      total 22528K, used 512K [0x00000000d5580000, 0x00000000d7380000, 0x0000000100000000)
  eden space 22016K, 0% used [0x00000000d5580000,0x00000000d5580000,0x00000000d6b00000)
  from space 512K, 100% used [0x00000000d7300000,0x00000000d7380000,0x00000000d7380000)
  to   space 1536K, 0% used [0x00000000d7080000,0x00000000d7080000,0x00000000d7200000)
 ParOldGen       total 68608K, used 40190K [0x0000000080000000, 0x0000000084300000, 0x00000000d5580000)
  object space 68608K, 58% used [0x0000000080000000,0x000000008273f890,0x0000000084300000)
 Metaspace       used 54121K, committed 55360K, reserved 1114112K
  class space    used 6414K, committed 6976K, reserved 1048576K
}
Event: 29.124 GC heap before
{Heap before GC invocations=31 (full 2):
 PSYoungGen      total 22528K, used 22528K [0x00000000d5580000, 0x00000000d7380000, 0x0000000100000000)
  eden space 22016K, 100% used [0x00000000d5580000,0x00000000d6b00000,0x00000000d6b00000)
  from space 512K, 100% used [0x00000000d7300000,0x00000000d7380000,0x00000000d7380000)
  to   space 1536K, 0% used [0x00000000d7080000,0x00000000d7080000,0x00000000d7200000)
 ParOldGen       total 68608K, used 40190K [0x0000000080000000, 0x0000000084300000, 0x00000000d5580000)
  object space 68608K, 58% used [0x0000000080000000,0x000000008273f890,0x0000000084300000)
 Metaspace       used 55490K, committed 56704K, reserved 1114112K
  class space    used 6660K, committed 7232K, reserved 1048576K
}
Event: 29.126 GC heap after
{Heap after GC invocations=31 (full 2):
 PSYoungGen      total 23552K, used 912K [0x00000000d5580000, 0x00000000d7380000, 0x0000000100000000)
  eden space 22016K, 0% used [0x00000000d5580000,0x00000000d5580000,0x00000000d6b00000)
  from space 1536K, 59% used [0x00000000d7080000,0x00000000d71641b0,0x00000000d7200000)
  to   space 1024K, 0% used [0x00000000d7280000,0x00000000d7280000,0x00000000d7380000)
 ParOldGen       total 68608K, used 40641K [0x0000000080000000, 0x0000000084300000, 0x00000000d5580000)
  object space 68608K, 59% used [0x0000000080000000,0x00000000827b0610,0x0000000084300000)
 Metaspace       used 55490K, committed 56704K, reserved 1114112K
  class space    used 6660K, committed 7232K, reserved 1048576K
}
Event: 29.602 GC heap before
{Heap before GC invocations=32 (full 2):
 PSYoungGen      total 23552K, used 22928K [0x00000000d5580000, 0x00000000d7380000, 0x0000000100000000)
  eden space 22016K, 100% used [0x00000000d5580000,0x00000000d6b00000,0x00000000d6b00000)
  from space 1536K, 59% used [0x00000000d7080000,0x00000000d71641b0,0x00000000d7200000)
  to   space 1024K, 0% used [0x00000000d7280000,0x00000000d7280000,0x00000000d7380000)
 ParOldGen       total 68608K, used 40641K [0x0000000080000000, 0x0000000084300000, 0x00000000d5580000)
  object space 68608K, 59% used [0x0000000080000000,0x00000000827b0610,0x0000000084300000)
 Metaspace       used 56876K, committed 58112K, reserved 1114112K
  class space    used 6972K, committed 7552K, reserved 1048576K
}
Event: 29.604 GC heap after
{Heap after GC invocations=32 (full 2):
 PSYoungGen      total 22528K, used 504K [0x00000000d5580000, 0x00000000d7300000, 0x0000000100000000)
  eden space 22016K, 0% used [0x00000000d5580000,0x00000000d5580000,0x00000000d6b00000)
  from space 512K, 98% used [0x00000000d7280000,0x00000000d72fe2b8,0x00000000d7300000)
  to   space 1024K, 0% used [0x00000000d7100000,0x00000000d7100000,0x00000000d7200000)
 ParOldGen       total 68608K, used 40769K [0x0000000080000000, 0x0000000084300000, 0x00000000d5580000)
  object space 68608K, 59% used [0x0000000080000000,0x00000000827d0610,0x0000000084300000)
 Metaspace       used 56876K, committed 58112K, reserved 1114112K
  class space    used 6972K, committed 7552K, reserved 1048576K
}
Event: 30.013 GC heap before
{Heap before GC invocations=33 (full 2):
 PSYoungGen      total 22528K, used 22520K [0x00000000d5580000, 0x00000000d7300000, 0x0000000100000000)
  eden space 22016K, 100% used [0x00000000d5580000,0x00000000d6b00000,0x00000000d6b00000)
  from space 512K, 98% used [0x00000000d7280000,0x00000000d72fe2b8,0x00000000d7300000)
  to   space 1024K, 0% used [0x00000000d7100000,0x00000000d7100000,0x00000000d7200000)
 ParOldGen       total 68608K, used 40769K [0x0000000080000000, 0x0000000084300000, 0x00000000d5580000)
  object space 68608K, 59% used [0x0000000080000000,0x00000000827d0610,0x0000000084300000)
 Metaspace       used 57819K, committed 59072K, reserved 1114112K
  class space    used 7184K, committed 7808K, reserved 1048576K
}
Event: 30.015 GC heap after
{Heap after GC invocations=33 (full 2):
 PSYoungGen      total 23040K, used 650K [0x00000000d5580000, 0x00000000d7300000, 0x0000000100000000)
  eden space 22016K, 0% used [0x00000000d5580000,0x00000000d5580000,0x00000000d6b00000)
  from space 1024K, 63% used [0x00000000d7100000,0x00000000d71a2a50,0x00000000d7200000)
  to   space 1024K, 0% used [0x00000000d7200000,0x00000000d7200000,0x00000000d7300000)
 ParOldGen       total 68608K, used 40968K [0x0000000080000000, 0x0000000084300000, 0x00000000d5580000)
  object space 68608K, 59% used [0x0000000080000000,0x0000000082802320,0x0000000084300000)
 Metaspace       used 57819K, committed 59072K, reserved 1114112K
  class space    used 7184K, committed 7808K, reserved 1048576K
}
Event: 30.314 GC heap before
{Heap before GC invocations=34 (full 2):
 PSYoungGen      total 23040K, used 15095K [0x00000000d5580000, 0x00000000d7300000, 0x0000000100000000)
  eden space 22016K, 65% used [0x00000000d5580000,0x00000000d639b2c8,0x00000000d6b00000)
  from space 1024K, 63% used [0x00000000d7100000,0x00000000d71a2a50,0x00000000d7200000)
  to   space 1024K, 0% used [0x00000000d7200000,0x00000000d7200000,0x00000000d7300000)
 ParOldGen       total 68608K, used 40968K [0x0000000080000000, 0x0000000084300000, 0x00000000d5580000)
  object space 68608K, 59% used [0x0000000080000000,0x0000000082802320,0x0000000084300000)
 Metaspace       used 58585K, committed 59776K, reserved 1114112K
  class space    used 7334K, committed 7936K, reserved 1048576K
}
Event: 30.316 GC heap after
{Heap after GC invocations=34 (full 2):
 PSYoungGen      total 23040K, used 621K [0x00000000d5580000, 0x00000000d7300000, 0x0000000100000000)
  eden space 22016K, 0% used [0x00000000d5580000,0x00000000d5580000,0x00000000d6b00000)
  from space 1024K, 60% used [0x00000000d7200000,0x00000000d729b420,0x00000000d7300000)
  to   space 1024K, 0% used [0x00000000d7100000,0x00000000d7100000,0x00000000d7200000)
 ParOldGen       total 68608K, used 41154K [0x0000000080000000, 0x0000000084300000, 0x00000000d5580000)
  object space 68608K, 59% used [0x0000000080000000,0x0000000082830ae0,0x0000000084300000)
 Metaspace       used 58585K, committed 59776K, reserved 1114112K
  class space    used 7334K, committed 7936K, reserved 1048576K
}
Event: 30.316 GC heap before
{Heap before GC invocations=35 (full 3):
 PSYoungGen      total 23040K, used 621K [0x00000000d5580000, 0x00000000d7300000, 0x0000000100000000)
  eden space 22016K, 0% used [0x00000000d5580000,0x00000000d5580000,0x00000000d6b00000)
  from space 1024K, 60% used [0x00000000d7200000,0x00000000d729b420,0x00000000d7300000)
  to   space 1024K, 0% used [0x00000000d7100000,0x00000000d7100000,0x00000000d7200000)
 ParOldGen       total 68608K, used 41154K [0x0000000080000000, 0x0000000084300000, 0x00000000d5580000)
  object space 68608K, 59% used [0x0000000080000000,0x0000000082830ae0,0x0000000084300000)
 Metaspace       used 58585K, committed 59776K, reserved 1114112K
  class space    used 7334K, committed 7936K, reserved 1048576K
}
Event: 30.412 GC heap after
{Heap after GC invocations=35 (full 3):
 PSYoungGen      total 23040K, used 0K [0x00000000d5580000, 0x00000000d7300000, 0x0000000100000000)
  eden space 22016K, 0% used [0x00000000d5580000,0x00000000d5580000,0x00000000d6b00000)
  from space 1024K, 0% used [0x00000000d7200000,0x00000000d7200000,0x00000000d7300000)
  to   space 1024K, 0% used [0x00000000d7100000,0x00000000d7100000,0x00000000d7200000)
 ParOldGen       total 68608K, used 38695K [0x0000000080000000, 0x0000000084300000, 0x00000000d5580000)
  object space 68608K, 56% used [0x0000000080000000,0x00000000825c9c28,0x0000000084300000)
 Metaspace       used 58585K, committed 59776K, reserved 1114112K
  class space    used 7334K, committed 7936K, reserved 1048576K
}
Event: 30.826 GC heap before
{Heap before GC invocations=36 (full 3):
 PSYoungGen      total 23040K, used 22016K [0x00000000d5580000, 0x00000000d7300000, 0x0000000100000000)
  eden space 22016K, 100% used [0x00000000d5580000,0x00000000d6b00000,0x00000000d6b00000)
  from space 1024K, 0% used [0x00000000d7200000,0x00000000d7200000,0x00000000d7300000)
  to   space 1024K, 0% used [0x00000000d7100000,0x00000000d7100000,0x00000000d7200000)
 ParOldGen       total 68608K, used 38695K [0x0000000080000000, 0x0000000084300000, 0x00000000d5580000)
  object space 68608K, 56% used [0x0000000080000000,0x00000000825c9c28,0x0000000084300000)
 Metaspace       used 59127K, committed 60416K, reserved 1114112K
  class space    used 7437K, committed 8064K, reserved 1048576K
}
Event: 30.828 GC heap after
{Heap after GC invocations=36 (full 3):
 PSYoungGen      total 23040K, used 1017K [0x00000000d5580000, 0x00000000d7280000, 0x0000000100000000)
  eden space 22016K, 0% used [0x00000000d5580000,0x00000000d5580000,0x00000000d6b00000)
  from space 1024K, 99% used [0x00000000d7100000,0x00000000d71fe488,0x00000000d7200000)
  to   space 512K, 0% used [0x00000000d7200000,0x00000000d7200000,0x00000000d7280000)
 ParOldGen       total 68608K, used 38751K [0x0000000080000000, 0x0000000084300000, 0x00000000d5580000)
  object space 68608K, 56% used [0x0000000080000000,0x00000000825d7eb8,0x0000000084300000)
 Metaspace       used 59127K, committed 60416K, reserved 1114112K
  class space    used 7437K, committed 8064K, reserved 1048576K
}
Event: 31.164 GC heap before
{Heap before GC invocations=37 (full 3):
 PSYoungGen      total 23040K, used 23033K [0x00000000d5580000, 0x00000000d7280000, 0x0000000100000000)
  eden space 22016K, 100% used [0x00000000d5580000,0x00000000d6b00000,0x00000000d6b00000)
  from space 1024K, 99% used [0x00000000d7100000,0x00000000d71fe488,0x00000000d7200000)
  to   space 512K, 0% used [0x00000000d7200000,0x00000000d7200000,0x00000000d7280000)
 ParOldGen       total 68608K, used 38751K [0x0000000080000000, 0x0000000084300000, 0x00000000d5580000)
  object space 68608K, 56% used [0x0000000080000000,0x00000000825d7eb8,0x0000000084300000)
 Metaspace       used 59127K, committed 60416K, reserved 1114112K
  class space    used 7437K, committed 8064K, reserved 1048576K
}
Event: 31.166 GC heap after
{Heap after GC invocations=37 (full 3):
 PSYoungGen      total 22528K, used 503K [0x00000000d5580000, 0x00000000d7280000, 0x0000000100000000)
  eden space 22016K, 0% used [0x00000000d5580000,0x00000000d5580000,0x00000000d6b00000)
  from space 512K, 98% used [0x00000000d7200000,0x00000000d727dd70,0x00000000d7280000)
  to   space 1024K, 0% used [0x00000000d7080000,0x00000000d7080000,0x00000000d7180000)
 ParOldGen       total 68608K, used 38993K [0x0000000080000000, 0x0000000084300000, 0x00000000d5580000)
  object space 68608K, 56% used [0x0000000080000000,0x0000000082614720,0x0000000084300000)
 Metaspace       used 59127K, committed 60416K, reserved 1114112K
  class space    used 7437K, committed 8064K, reserved 1048576K
}

