# JRE version: OpenJDK Runtime Environment Temurin-21.0.9+10 (21.0.9+10) (build 21.0.9+10-LTS)
# Java VM: OpenJDK 64-Bit Server VM Temurin-21.0.9+10 (21.0.9+10-LTS, mixed mode, sharing, tiered, compressed oops, compressed class ptrs, parallel gc, windows-amd64)
GC Precious Log:
 CardTable entry size: 512
 CPUs: 16 total, 16 available
 Memory: 15591M
 Large Page Support: Disabled
 NUMA Support: Disabled
 Compressed Oops: Enabled (32-bit)
 Alignments: Space 512K, Generation 512K, Heap 2M
 Heap Min Capacity: 100M
 Heap Initial Capacity: 100M
 Heap Max Capacity: 2G
 Pre-touch: Disabled
 Parallel Workers: 13
Heap:
 PSYoungGen      total 24064K, used 7474K [0x00000000d5580000, 0x00000000d6f00000, 0x0000000100000000)
  eden space 22016K, 32% used [0x00000000d5580000,0x00000000d5c64970,0x00000000d6b00000)
  from space 2048K, 20% used [0x00000000d6b80000,0x00000000d6be8000,0x00000000d6d80000)
  to   space 1024K, 0% used [0x00000000d6e00000,0x00000000d6e00000,0x00000000d6f00000)
 ParOldGen       total 68608K, used 43405K [0x0000000080000000, 0x0000000084300000, 0x00000000d5580000)
  object space 68608K, 63% used [0x0000000080000000,0x0000000082a63410,0x0000000084300000)
 Metaspace       used 62350K, committed 63680K, reserved 1114112K
  class space    used 7915K, committed 8512K, reserved 1048576K
GC Heap History (20 events):
Event: 24.787 GC heap before
{Heap before GC invocations=39 (full 3):
 PSYoungGen      total 23552K, used 22442K [0x00000000d5580000, 0x00000000d7080000, 0x0000000100000000)
  eden space 22016K, 100% used [0x00000000d5580000,0x00000000d6b00000,0x00000000d6b00000)
  from space 1536K, 27% used [0x00000000d6e00000,0x00000000d6e6a9a0,0x00000000d6f80000)
  to   space 1024K, 0% used [0x00000000d6f80000,0x00000000d6f80000,0x00000000d7080000)
 ParOldGen       total 68608K, used 38944K [0x0000000080000000, 0x0000000084300000, 0x00000000d5580000)
  object space 68608K, 56% used [0x0000000080000000,0x0000000082608378,0x0000000084300000)
 Metaspace       used 59078K, committed 60288K, reserved 1114112K
  class space    used 7441K, committed 8000K, reserved 1048576K
}
Event: 24.789 GC heap after
{Heap after GC invocations=39 (full 3):
 PSYoungGen      total 22528K, used 394K [0x00000000d5580000, 0x00000000d7000000, 0x0000000100000000)
  eden space 22016K, 0% used [0x00000000d5580000,0x00000000d5580000,0x00000000d6b00000)
  from space 512K, 76% used [0x00000000d6f80000,0x00000000d6fe2800,0x00000000d7000000)
  to   space 512K, 0% used [0x00000000d6f00000,0x00000000d6f00000,0x00000000d6f80000)
 ParOldGen       total 68608K, used 39053K [0x0000000080000000, 0x0000000084300000, 0x00000000d5580000)
  object space 68608K, 56% used [0x0000000080000000,0x0000000082623448,0x0000000084300000)
 Metaspace       used 59078K, committed 60288K, reserved 1114112K
  class space    used 7441K, committed 8000K, reserved 1048576K
}
Event: 25.042 GC heap before
{Heap before GC invocations=40 (full 3):
 PSYoungGen      total 22528K, used 22410K [0x00000000d5580000, 0x00000000d7000000, 0x0000000100000000)
  eden space 22016K, 100% used [0x00000000d5580000,0x00000000d6b00000,0x00000000d6b00000)
  from space 512K, 76% used [0x00000000d6f80000,0x00000000d6fe2800,0x00000000d7000000)
  to   space 512K, 0% used [0x00000000d6f00000,0x00000000d6f00000,0x00000000d6f80000)
 ParOldGen       total 68608K, used 39053K [0x0000000080000000, 0x0000000084300000, 0x00000000d5580000)
  object space 68608K, 56% used [0x0000000080000000,0x0000000082623448,0x0000000084300000)
 Metaspace       used 59078K, committed 60288K, reserved 1114112K
  class space    used 7441K, committed 8000K, reserved 1048576K
}
Event: 25.044 GC heap after
{Heap after GC invocations=40 (full 3):
 PSYoungGen      total 22528K, used 510K [0x00000000d5580000, 0x00000000d7000000, 0x0000000100000000)
  eden space 22016K, 0% used [0x00000000d5580000,0x00000000d5580000,0x00000000d6b00000)
  from space 512K, 99% used [0x00000000d6f00000,0x00000000d6f7f8b0,0x00000000d6f80000)
  to   space 512K, 0% used [0x00000000d6f80000,0x00000000d6f80000,0x00000000d7000000)
 ParOldGen       total 68608K, used 39809K [0x0000000080000000, 0x0000000084300000, 0x00000000d5580000)
  object space 68608K, 58% used [0x0000000080000000,0x00000000826e04f8,0x0000000084300000)
 Metaspace       used 59078K, committed 60288K, reserved 1114112K
  class space    used 7441K, committed 8000K, reserved 1048576K
}
Event: 25.312 GC heap before
{Heap before GC invocations=41 (full 3):
 PSYoungGen      total 22528K, used 22526K [0x00000000d5580000, 0x00000000d7000000, 0x0000000100000000)
  eden space 22016K, 100% used [0x00000000d5580000,0x00000000d6b00000,0x00000000d6b00000)
  from space 512K, 99% used [0x00000000d6f00000,0x00000000d6f7f8b0,0x00000000d6f80000)
  to   space 512K, 0% used [0x00000000d6f80000,0x00000000d6f80000,0x00000000d7000000)
 ParOldGen       total 68608K, used 39809K [0x0000000080000000, 0x0000000084300000, 0x00000000d5580000)
  object space 68608K, 58% used [0x0000000080000000,0x00000000826e04f8,0x0000000084300000)
 Metaspace       used 59078K, committed 60288K, reserved 1114112K
  class space    used 7441K, committed 8000K, reserved 1048576K
}
Event: 25.313 GC heap after
{Heap after GC invocations=41 (full 3):
 PSYoungGen      total 22528K, used 510K [0x00000000d5580000, 0x00000000d7000000, 0x0000000100000000)
  eden space 22016K, 0% used [0x00000000d5580000,0x00000000d5580000,0x00000000d6b00000)
  from space 512K, 99% used [0x00000000d6f80000,0x00000000d6fffb10,0x00000000d7000000)
  to   space 1536K, 0% used [0x00000000d6d00000,0x00000000d6d00000,0x00000000d6e80000)
 ParOldGen       total 68608K, used 40520K [0x0000000080000000, 0x0000000084300000, 0x00000000d5580000)
  object space 68608K, 59% used [0x0000000080000000,0x00000000827923c0,0x0000000084300000)
 Metaspace       used 59078K, committed 60288K, reserved 1114112K
  class space    used 7441K, committed 8000K, reserved 1048576K
}
Event: 25.555 GC heap before
{Heap before GC invocations=42 (full 3):
 PSYoungGen      total 22528K, used 22526K [0x00000000d5580000, 0x00000000d7000000, 0x0000000100000000)
  eden space 22016K, 100% used [0x00000000d5580000,0x00000000d6b00000,0x00000000d6b00000)
  from space 512K, 99% used [0x00000000d6f80000,0x00000000d6fffb10,0x00000000d7000000)
  to   space 1536K, 0% used [0x00000000d6d00000,0x00000000d6d00000,0x00000000d6e80000)
 ParOldGen       total 68608K, used 40520K [0x0000000080000000, 0x0000000084300000, 0x00000000d5580000)
  object space 68608K, 59% used [0x0000000080000000,0x00000000827923c0,0x0000000084300000)
 Metaspace       used 59078K, committed 60288K, reserved 1114112K
  class space    used 7441K, committed 8000K, reserved 1048576K
}
Event: 25.556 GC heap after
{Heap after GC invocations=42 (full 3):
 PSYoungGen      total 23552K, used 550K [0x00000000d5580000, 0x00000000d7000000, 0x0000000100000000)
  eden space 22016K, 0% used [0x00000000d5580000,0x00000000d5580000,0x00000000d6b00000)
  from space 1536K, 35% used [0x00000000d6d00000,0x00000000d6d89900,0x00000000d6e80000)
  to   space 1024K, 0% used [0x00000000d6f00000,0x00000000d6f00000,0x00000000d7000000)
 ParOldGen       total 68608K, used 40584K [0x0000000080000000, 0x0000000084300000, 0x00000000d5580000)
  object space 68608K, 59% used [0x0000000080000000,0x00000000827a23c0,0x0000000084300000)
 Metaspace       used 59078K, committed 60288K, reserved 1114112K
  class space    used 7441K, committed 8000K, reserved 1048576K
}
Event: 25.766 GC heap before
{Heap before GC invocations=43 (full 3):
 PSYoungGen      total 23552K, used 22566K [0x00000000d5580000, 0x00000000d7000000, 0x0000000100000000)
  eden space 22016K, 100% used [0x00000000d5580000,0x00000000d6b00000,0x00000000d6b00000)
  from space 1536K, 35% used [0x00000000d6d00000,0x00000000d6d89900,0x00000000d6e80000)
  to   space 1024K, 0% used [0x00000000d6f00000,0x00000000d6f00000,0x00000000d7000000)
 ParOldGen       total 68608K, used 40584K [0x0000000080000000, 0x0000000084300000, 0x00000000d5580000)
  object space 68608K, 59% used [0x0000000080000000,0x00000000827a23c0,0x0000000084300000)
 Metaspace       used 59078K, committed 60288K, reserved 1114112K
  class space    used 7441K, committed 8000K, reserved 1048576K
}
Event: 25.768 GC heap after
{Heap after GC invocations=43 (full 3):
 PSYoungGen      total 22528K, used 192K [0x00000000d5580000, 0x00000000d6f80000, 0x0000000100000000)
  eden space 22016K, 0% used [0x00000000d5580000,0x00000000d5580000,0x00000000d6b00000)
  from space 512K, 37% used [0x00000000d6f00000,0x00000000d6f30000,0x00000000d6f80000)
  to   space 512K, 0% used [0x00000000d6e80000,0x00000000d6e80000,0x00000000d6f00000)
 ParOldGen       total 68608K, used 40664K [0x0000000080000000, 0x0000000084300000, 0x00000000d5580000)
  object space 68608K, 59% used [0x0000000080000000,0x00000000827b63c0,0x0000000084300000)
 Metaspace       used 59078K, committed 60288K, reserved 1114112K
  class space    used 7441K, committed 8000K, reserved 1048576K
}
Event: 25.991 GC heap before
{Heap before GC invocations=44 (full 3):
 PSYoungGen      total 22528K, used 22208K [0x00000000d5580000, 0x00000000d6f80000, 0x0000000100000000)
  eden space 22016K, 100% used [0x00000000d5580000,0x00000000d6b00000,0x00000000d6b00000)
  from space 512K, 37% used [0x00000000d6f00000,0x00000000d6f30000,0x00000000d6f80000)
  to   space 512K, 0% used [0x00000000d6e80000,0x00000000d6e80000,0x00000000d6f00000)
 ParOldGen       total 68608K, used 40664K [0x0000000080000000, 0x0000000084300000, 0x00000000d5580000)
  object space 68608K, 59% used [0x0000000080000000,0x00000000827b63c0,0x0000000084300000)
 Metaspace       used 59078K, committed 60288K, reserved 1114112K
  class space    used 7441K, committed 8000K, reserved 1048576K
}
Event: 25.993 GC heap after
{Heap after GC invocations=44 (full 3):
 PSYoungGen      total 22528K, used 506K [0x00000000d5580000, 0x00000000d6f80000, 0x0000000100000000)
  eden space 22016K, 0% used [0x00000000d5580000,0x00000000d5580000,0x00000000d6b00000)
  from space 512K, 98% used [0x00000000d6e80000,0x00000000d6efeab8,0x00000000d6f00000)
  to   space 512K, 0% used [0x00000000d6f00000,0x00000000d6f00000,0x00000000d6f80000)
 ParOldGen       total 68608K, used 41185K [0x0000000080000000, 0x0000000084300000, 0x00000000d5580000)
  object space 68608K, 60% used [0x0000000080000000,0x00000000828384b8,0x0000000084300000)
 Metaspace       used 59078K, committed 60288K, reserved 1114112K
  class space    used 7441K, committed 8000K, reserved 1048576K
}
Event: 26.221 GC heap before
{Heap before GC invocations=45 (full 3):
 PSYoungGen      total 22528K, used 22522K [0x00000000d5580000, 0x00000000d6f80000, 0x0000000100000000)
  eden space 22016K, 100% used [0x00000000d5580000,0x00000000d6b00000,0x00000000d6b00000)
  from space 512K, 98% used [0x00000000d6e80000,0x00000000d6efeab8,0x00000000d6f00000)
  to   space 512K, 0% used [0x00000000d6f00000,0x00000000d6f00000,0x00000000d6f80000)
 ParOldGen       total 68608K, used 41185K [0x0000000080000000, 0x0000000084300000, 0x00000000d5580000)
  object space 68608K, 60% used [0x0000000080000000,0x00000000828384b8,0x0000000084300000)
 Metaspace       used 59078K, committed 60288K, reserved 1114112K
  class space    used 7441K, committed 8000K, reserved 1048576K
}
Event: 26.223 GC heap after
{Heap after GC invocations=45 (full 3):
 PSYoungGen      total 22528K, used 505K [0x00000000d5580000, 0x00000000d6f80000, 0x0000000100000000)
  eden space 22016K, 0% used [0x00000000d5580000,0x00000000d5580000,0x00000000d6b00000)
  from space 512K, 98% used [0x00000000d6f00000,0x00000000d6f7e720,0x00000000d6f80000)
  to   space 1536K, 0% used [0x00000000d6c80000,0x00000000d6c80000,0x00000000d6e00000)
 ParOldGen       total 68608K, used 42041K [0x0000000080000000, 0x0000000084300000, 0x00000000d5580000)
  object space 68608K, 61% used [0x0000000080000000,0x000000008290e6b0,0x0000000084300000)
 Metaspace       used 59078K, committed 60288K, reserved 1114112K
  class space    used 7441K, committed 8000K, reserved 1048576K
}
Event: 26.660 GC heap before
{Heap before GC invocations=46 (full 3):
 PSYoungGen      total 22528K, used 22521K [0x00000000d5580000, 0x00000000d6f80000, 0x0000000100000000)
  eden space 22016K, 100% used [0x00000000d5580000,0x00000000d6b00000,0x00000000d6b00000)
  from space 512K, 98% used [0x00000000d6f00000,0x00000000d6f7e720,0x00000000d6f80000)
  to   space 1536K, 0% used [0x00000000d6c80000,0x00000000d6c80000,0x00000000d6e00000)
 ParOldGen       total 68608K, used 42041K [0x0000000080000000, 0x0000000084300000, 0x00000000d5580000)
  object space 68608K, 61% used [0x0000000080000000,0x000000008290e6b0,0x0000000084300000)
 Metaspace       used 60221K, committed 61440K, reserved 1114112K
  class space    used 7605K, committed 8128K, reserved 1048576K
}
Event: 26.661 GC heap after
{Heap after GC invocations=46 (full 3):
 PSYoungGen      total 23552K, used 544K [0x00000000d5580000, 0x00000000d6f80000, 0x0000000100000000)
  eden space 22016K, 0% used [0x00000000d5580000,0x00000000d5580000,0x00000000d6b00000)
  from space 1536K, 35% used [0x00000000d6c80000,0x00000000d6d08000,0x00000000d6e00000)
  to   space 1024K, 0% used [0x00000000d6e80000,0x00000000d6e80000,0x00000000d6f80000)
 ParOldGen       total 68608K, used 42105K [0x0000000080000000, 0x0000000084300000, 0x00000000d5580000)
  object space 68608K, 61% used [0x0000000080000000,0x000000008291e6b0,0x0000000084300000)
 Metaspace       used 60221K, committed 61440K, reserved 1114112K
  class space    used 7605K, committed 8128K, reserved 1048576K
}
Event: 27.829 GC heap before
{Heap before GC invocations=47 (full 3):
 PSYoungGen      total 23552K, used 22560K [0x00000000d5580000, 0x00000000d6f80000, 0x0000000100000000)
  eden space 22016K, 100% used [0x00000000d5580000,0x00000000d6b00000,0x00000000d6b00000)
  from space 1536K, 35% used [0x00000000d6c80000,0x00000000d6d08000,0x00000000d6e00000)
  to   space 1024K, 0% used [0x00000000d6e80000,0x00000000d6e80000,0x00000000d6f80000)
 ParOldGen       total 68608K, used 42105K [0x0000000080000000, 0x0000000084300000, 0x00000000d5580000)
  object space 68608K, 61% used [0x0000000080000000,0x000000008291e6b0,0x0000000084300000)
 Metaspace       used 62256K, committed 63616K, reserved 1114112K
  class space    used 7908K, committed 8512K, reserved 1048576K
}
Event: 27.832 GC heap after
{Heap after GC invocations=47 (full 3):
 PSYoungGen      total 23040K, used 1024K [0x00000000d5580000, 0x00000000d6f80000, 0x0000000100000000)
  eden space 22016K, 0% used [0x00000000d5580000,0x00000000d5580000,0x00000000d6b00000)
  from space 1024K, 100% used [0x00000000d6e80000,0x00000000d6f80000,0x00000000d6f80000)
  to   space 2048K, 0% used [0x00000000d6b80000,0x00000000d6b80000,0x00000000d6d80000)
 ParOldGen       total 68608K, used 42496K [0x0000000080000000, 0x0000000084300000, 0x00000000d5580000)
  object space 68608K, 61% used [0x0000000080000000,0x00000000829803c0,0x0000000084300000)
 Metaspace       used 62256K, committed 63616K, reserved 1114112K
  class space    used 7908K, committed 8512K, reserved 1048576K
}
Event: 28.625 GC heap before
{Heap before GC invocations=48 (full 3):
 PSYoungGen      total 23040K, used 23040K [0x00000000d5580000, 0x00000000d6f80000, 0x0000000100000000)
  eden space 22016K, 100% used [0x00000000d5580000,0x00000000d6b00000,0x00000000d6b00000)
  from space 1024K, 100% used [0x00000000d6e80000,0x00000000d6f80000,0x00000000d6f80000)
  to   space 2048K, 0% used [0x00000000d6b80000,0x00000000d6b80000,0x00000000d6d80000)
 ParOldGen       total 68608K, used 42496K [0x0000000080000000, 0x0000000084300000, 0x00000000d5580000)
  object space 68608K, 61% used [0x0000000080000000,0x00000000829803c0,0x0000000084300000)
 Metaspace       used 62348K, committed 63680K, reserved 1114112K
  class space    used 7914K, committed 8512K, reserved 1048576K
}
Event: 28.629 GC heap after
{Heap after GC invocations=48 (full 3):
 PSYoungGen      total 24064K, used 416K [0x00000000d5580000, 0x00000000d6f00000, 0x0000000100000000)
  eden space 22016K, 0% used [0x00000000d5580000,0x00000000d5580000,0x00000000d6b00000)
  from space 2048K, 20% used [0x00000000d6b80000,0x00000000d6be8000,0x00000000d6d80000)
  to   space 1024K, 0% used [0x00000000d6e00000,0x00000000d6e00000,0x00000000d6f00000)
 ParOldGen       total 68608K, used 43405K [0x0000000080000000, 0x0000000084300000, 0x00000000d5580000)
  object space 68608K, 63% used [0x0000000080000000,0x0000000082a63410,0x0000000084300000)
 Metaspace       used 62348K, committed 63680K, reserved 1114112K
  class space    used 7914K, committed 8512K, reserved 1048576K
}

