# JRE version: OpenJDK Runtime Environment Temurin-21.0.9+10 (21.0.9+10) (build 21.0.9+10-LTS)
# Java VM: OpenJDK 64-Bit Server VM Temurin-21.0.9+10 (21.0.9+10-LTS, mixed mode, sharing, tiered, compressed oops, compressed class ptrs, g1 gc, windows-amd64)
GC Precious Log:
 CardTable entry size: 512
 Card Set container configuration: InlinePtr #cards 4 size 8 Array Of Cards #cards 16 size 48 Howl #buckets 8 coarsen threshold 3686 Howl Bitmap #cards 512 size 80 coarsen threshold 460 Card regions per heap region 1 cards per card region 4096
 CPUs: 16 total, 16 available
 Memory: 15591M
 Large Page Support: Disabled
 NUMA Support: Disabled
 Compressed Oops: Enabled (Zero based)
 Heap Region Size: 2M
 Heap Min Capacity: 8M
 Heap Initial Capacity: 244M
 Heap Max Capacity: 4G
 Pre-touch: Disabled
 Parallel Workers: 13
 Concurrent Workers: 3
 Concurrent Refinement Workers: 13
 Periodic GC: Disabled
Heap:
 garbage-first heap   total 194560K, used 170545K [0x0000000700000000, 0x0000000800000000)
  region size 2048K, 29 young (59392K), 3 survivors (6144K)
 Metaspace       used 90189K, committed 92736K, reserved 557056K
  class space    used 12790K, committed 14016K, reserved 425984K
GC Heap History (20 events):
Event: 54.663 GC heap before
{Heap before GC invocations=30 (full 0):
 garbage-first heap   total 133120K, used 120432K [0x0000000700000000, 0x0000000800000000)
  region size 2048K, 22 young (45056K), 2 survivors (4096K)
 Metaspace       used 80759K, committed 83136K, reserved 557056K
  class space    used 11717K, committed 12864K, reserved 425984K
}
Event: 54.673 GC heap after
{Heap after GC invocations=31 (full 0):
 garbage-first heap   total 133120K, used 82640K [0x0000000700000000, 0x0000000800000000)
  region size 2048K, 3 young (6144K), 3 survivors (6144K)
 Metaspace       used 80759K, committed 83136K, reserved 557056K
  class space    used 11717K, committed 12864K, reserved 425984K
}
Event: 58.679 GC heap before
{Heap before GC invocations=31 (full 0):
 garbage-first heap   total 133120K, used 119504K [0x0000000700000000, 0x0000000800000000)
  region size 2048K, 22 young (45056K), 3 survivors (6144K)
 Metaspace       used 82302K, committed 84672K, reserved 557056K
  class space    used 11896K, committed 13056K, reserved 425984K
}
Event: 58.689 GC heap after
{Heap after GC invocations=32 (full 0):
 garbage-first heap   total 135168K, used 87583K [0x0000000700000000, 0x0000000800000000)
  region size 2048K, 3 young (6144K), 3 survivors (6144K)
 Metaspace       used 82302K, committed 84672K, reserved 557056K
  class space    used 11896K, committed 13056K, reserved 425984K
}
Event: 60.219 GC heap before
{Heap before GC invocations=33 (full 0):
 garbage-first heap   total 151552K, used 118303K [0x0000000700000000, 0x0000000800000000)
  region size 2048K, 19 young (38912K), 3 survivors (6144K)
 Metaspace       used 83746K, committed 86208K, reserved 557056K
  class space    used 12055K, committed 13248K, reserved 425984K
}
Event: 60.228 GC heap after
{Heap after GC invocations=34 (full 0):
 garbage-first heap   total 151552K, used 92389K [0x0000000700000000, 0x0000000800000000)
  region size 2048K, 3 young (6144K), 3 survivors (6144K)
 Metaspace       used 83746K, committed 86208K, reserved 557056K
  class space    used 12055K, committed 13248K, reserved 425984K
}
Event: 61.614 GC heap before
{Heap before GC invocations=34 (full 0):
 garbage-first heap   total 151552K, used 133349K [0x0000000700000000, 0x0000000800000000)
  region size 2048K, 24 young (49152K), 3 survivors (6144K)
 Metaspace       used 83961K, committed 86464K, reserved 557056K
  class space    used 12056K, committed 13248K, reserved 425984K
}
Event: 61.625 GC heap after
{Heap after GC invocations=35 (full 0):
 garbage-first heap   total 151552K, used 94403K [0x0000000700000000, 0x0000000800000000)
  region size 2048K, 3 young (6144K), 3 survivors (6144K)
 Metaspace       used 83961K, committed 86464K, reserved 557056K
  class space    used 12056K, committed 13248K, reserved 425984K
}
Event: 62.758 GC heap before
{Heap before GC invocations=35 (full 0):
 garbage-first heap   total 151552K, used 135363K [0x0000000700000000, 0x0000000800000000)
  region size 2048K, 24 young (49152K), 3 survivors (6144K)
 Metaspace       used 83988K, committed 86464K, reserved 557056K
  class space    used 12056K, committed 13248K, reserved 425984K
}
Event: 62.765 GC heap after
{Heap after GC invocations=36 (full 0):
 garbage-first heap   total 151552K, used 95959K [0x0000000700000000, 0x0000000800000000)
  region size 2048K, 2 young (4096K), 2 survivors (4096K)
 Metaspace       used 83988K, committed 86464K, reserved 557056K
  class space    used 12056K, committed 13248K, reserved 425984K
}
Event: 63.635 GC heap before
{Heap before GC invocations=37 (full 0):
 garbage-first heap   total 163840K, used 134871K [0x0000000700000000, 0x0000000800000000)
  region size 2048K, 22 young (45056K), 2 survivors (4096K)
 Metaspace       used 83944K, committed 86464K, reserved 557056K
  class space    used 12046K, committed 13248K, reserved 425984K
}
Event: 63.641 GC heap after
{Heap after GC invocations=38 (full 0):
 garbage-first heap   total 163840K, used 96860K [0x0000000700000000, 0x0000000800000000)
  region size 2048K, 2 young (4096K), 2 survivors (4096K)
 Metaspace       used 83944K, committed 86464K, reserved 557056K
  class space    used 12046K, committed 13248K, reserved 425984K
}
Event: 85.457 GC heap before
{Heap before GC invocations=38 (full 0):
 garbage-first heap   total 163840K, used 152156K [0x0000000700000000, 0x0000000800000000)
  region size 2048K, 28 young (57344K), 2 survivors (4096K)
 Metaspace       used 84177K, committed 86656K, reserved 557056K
  class space    used 12078K, committed 13248K, reserved 425984K
}
Event: 85.468 GC heap after
{Heap after GC invocations=39 (full 0):
 garbage-first heap   total 169984K, used 107978K [0x0000000700000000, 0x0000000800000000)
  region size 2048K, 4 young (8192K), 4 survivors (8192K)
 Metaspace       used 84177K, committed 86656K, reserved 557056K
  class space    used 12078K, committed 13248K, reserved 425984K
}
Event: 86.932 GC heap before
{Heap before GC invocations=39 (full 0):
 garbage-first heap   total 169984K, used 148938K [0x0000000700000000, 0x0000000800000000)
  region size 2048K, 25 young (51200K), 4 survivors (8192K)
 Metaspace       used 85978K, committed 88384K, reserved 557056K
  class space    used 12282K, committed 13440K, reserved 425984K
}
Event: 86.940 GC heap after
{Heap after GC invocations=40 (full 0):
 garbage-first heap   total 169984K, used 115705K [0x0000000700000000, 0x0000000800000000)
  region size 2048K, 3 young (6144K), 3 survivors (6144K)
 Metaspace       used 85978K, committed 88384K, reserved 557056K
  class space    used 12282K, committed 13440K, reserved 425984K
}
Event: 88.159 GC heap before
{Heap before GC invocations=41 (full 0):
 garbage-first heap   total 194560K, used 148473K [0x0000000700000000, 0x0000000800000000)
  region size 2048K, 20 young (40960K), 3 survivors (6144K)
 Metaspace       used 88599K, committed 91072K, reserved 557056K
  class space    used 12583K, committed 13760K, reserved 425984K
}
Event: 88.166 GC heap after
{Heap after GC invocations=42 (full 0):
 garbage-first heap   total 194560K, used 117846K [0x0000000700000000, 0x0000000800000000)
  region size 2048K, 1 young (2048K), 1 survivors (2048K)
 Metaspace       used 88599K, committed 91072K, reserved 557056K
  class space    used 12583K, committed 13760K, reserved 425984K
}
Event: 135.912 GC heap before
{Heap before GC invocations=42 (full 0):
 garbage-first heap   total 194560K, used 171094K [0x0000000700000000, 0x0000000800000000)
  region size 2048K, 28 young (57344K), 1 survivors (2048K)
 Metaspace       used 89851K, committed 92416K, reserved 557056K
  class space    used 12788K, committed 14016K, reserved 425984K
}
Event: 135.922 GC heap after
{Heap after GC invocations=43 (full 0):
 garbage-first heap   total 194560K, used 119345K [0x0000000700000000, 0x0000000800000000)
  region size 2048K, 3 young (6144K), 3 survivors (6144K)
 Metaspace       used 89851K, committed 92416K, reserved 557056K
  class space    used 12788K, committed 14016K, reserved 425984K
}

