# JRE version: OpenJDK Runtime Environment Temurin-21.0.9+10 (21.0.9+10) (build 21.0.9+10-LTS)
# Java VM: OpenJDK 64-Bit Server VM Temurin-21.0.9+10 (21.0.9+10-LTS, mixed mode, sharing, tiered, compressed oops, compressed class ptrs, parallel gc, windows-amd64)
GC Precious Log:
 CardTable entry size: 512
 CPUs: 16 total, 16 available
 Memory: 15591M
 Large Page Support: Disabled
 NUMA Support: Disabled
 Compressed Oops: Enabled (32-bit)
 Alignments: Space 512K, Generation 512K, Heap 2M
 Heap Min Capacity: 100M
 Heap Initial Capacity: 100M
 Heap Max Capacity: 2G
 Pre-touch: Disabled
 Parallel Workers: 13
Heap:
 PSYoungGen      total 19456K, used 8928K [0x00000000d5580000, 0x00000000d6a00000, 0x0000000100000000)
  eden space 17920K, 44% used [0x00000000d5580000,0x00000000d5d3fdf0,0x00000000d6700000)
  from space 1536K, 64% used [0x00000000d6700000,0x00000000d67f85d8,0x00000000d6880000)
  to   space 1536K, 0% used [0x00000000d6880000,0x00000000d6880000,0x00000000d6a00000)
 ParOldGen       total 68608K, used 39942K [0x0000000080000000, 0x0000000084300000, 0x00000000d5580000)
  object space 68608K, 58% used [0x0000000080000000,0x0000000082701828,0x0000000084300000)
 Metaspace       used 59099K, committed 60352K, reserved 1114112K
  class space    used 7436K, committed 8000K, reserved 1048576K
GC Heap History (20 events):
Event: 23.485 GC heap before
{Heap before GC invocations=34 (full 2):
 PSYoungGen      total 19968K, used 19175K [0x00000000d5580000, 0x00000000d6b00000, 0x0000000100000000)
  eden space 18432K, 100% used [0x00000000d5580000,0x00000000d6780000,0x00000000d6780000)
  from space 1536K, 48% used [0x00000000d6800000,0x00000000d68b9f00,0x00000000d6980000)
  to   space 1024K, 0% used [0x00000000d6a00000,0x00000000d6a00000,0x00000000d6b00000)
 ParOldGen       total 68608K, used 41296K [0x0000000080000000, 0x0000000084300000, 0x00000000d5580000)
  object space 68608K, 60% used [0x0000000080000000,0x00000000828540e8,0x0000000084300000)
 Metaspace       used 56715K, committed 57920K, reserved 1114112K
  class space    used 6940K, committed 7488K, reserved 1048576K
}
Event: 23.487 GC heap after
{Heap after GC invocations=34 (full 2):
 PSYoungGen      total 18944K, used 448K [0x00000000d5580000, 0x00000000d6a80000, 0x0000000100000000)
  eden space 18432K, 0% used [0x00000000d5580000,0x00000000d5580000,0x00000000d6780000)
  from space 512K, 87% used [0x00000000d6a00000,0x00000000d6a70000,0x00000000d6a80000)
  to   space 1024K, 0% used [0x00000000d6880000,0x00000000d6880000,0x00000000d6980000)
 ParOldGen       total 68608K, used 41416K [0x0000000080000000, 0x0000000084300000, 0x00000000d5580000)
  object space 68608K, 60% used [0x0000000080000000,0x00000000828720e8,0x0000000084300000)
 Metaspace       used 56715K, committed 57920K, reserved 1114112K
  class space    used 6940K, committed 7488K, reserved 1048576K
}
Event: 23.783 GC heap before
{Heap before GC invocations=35 (full 2):
 PSYoungGen      total 18944K, used 18880K [0x00000000d5580000, 0x00000000d6a80000, 0x0000000100000000)
  eden space 18432K, 100% used [0x00000000d5580000,0x00000000d6780000,0x00000000d6780000)
  from space 512K, 87% used [0x00000000d6a00000,0x00000000d6a70000,0x00000000d6a80000)
  to   space 1024K, 0% used [0x00000000d6880000,0x00000000d6880000,0x00000000d6980000)
 ParOldGen       total 68608K, used 41416K [0x0000000080000000, 0x0000000084300000, 0x00000000d5580000)
  object space 68608K, 60% used [0x0000000080000000,0x00000000828720e8,0x0000000084300000)
 Metaspace       used 57448K, committed 58688K, reserved 1114112K
  class space    used 7120K, committed 7680K, reserved 1048576K
}
Event: 23.785 GC heap after
{Heap after GC invocations=35 (full 2):
 PSYoungGen      total 19456K, used 791K [0x00000000d5580000, 0x00000000d6a80000, 0x0000000100000000)
  eden space 18432K, 0% used [0x00000000d5580000,0x00000000d5580000,0x00000000d6780000)
  from space 1024K, 77% used [0x00000000d6880000,0x00000000d6945d88,0x00000000d6980000)
  to   space 1024K, 0% used [0x00000000d6980000,0x00000000d6980000,0x00000000d6a80000)
 ParOldGen       total 68608K, used 41568K [0x0000000080000000, 0x0000000084300000, 0x00000000d5580000)
  object space 68608K, 60% used [0x0000000080000000,0x00000000828980f8,0x0000000084300000)
 Metaspace       used 57448K, committed 58688K, reserved 1114112K
  class space    used 7120K, committed 7680K, reserved 1048576K
}
Event: 24.086 GC heap before
{Heap before GC invocations=36 (full 2):
 PSYoungGen      total 19456K, used 19223K [0x00000000d5580000, 0x00000000d6a80000, 0x0000000100000000)
  eden space 18432K, 100% used [0x00000000d5580000,0x00000000d6780000,0x00000000d6780000)
  from space 1024K, 77% used [0x00000000d6880000,0x00000000d6945d88,0x00000000d6980000)
  to   space 1024K, 0% used [0x00000000d6980000,0x00000000d6980000,0x00000000d6a80000)
 ParOldGen       total 68608K, used 41568K [0x0000000080000000, 0x0000000084300000, 0x00000000d5580000)
  object space 68608K, 60% used [0x0000000080000000,0x00000000828980f8,0x0000000084300000)
 Metaspace       used 58415K, committed 59648K, reserved 1114112K
  class space    used 7320K, committed 7872K, reserved 1048576K
}
Event: 24.088 GC heap after
{Heap after GC invocations=36 (full 2):
 PSYoungGen      total 19456K, used 706K [0x00000000d5580000, 0x00000000d6a80000, 0x0000000100000000)
  eden space 18432K, 0% used [0x00000000d5580000,0x00000000d5580000,0x00000000d6780000)
  from space 1024K, 68% used [0x00000000d6980000,0x00000000d6a308c8,0x00000000d6a80000)
  to   space 1024K, 0% used [0x00000000d6880000,0x00000000d6880000,0x00000000d6980000)
 ParOldGen       total 68608K, used 41754K [0x0000000080000000, 0x0000000084300000, 0x00000000d5580000)
  object space 68608K, 60% used [0x0000000080000000,0x00000000828c68b8,0x0000000084300000)
 Metaspace       used 58415K, committed 59648K, reserved 1114112K
  class space    used 7320K, committed 7872K, reserved 1048576K
}
Event: 24.117 GC heap before
{Heap before GC invocations=37 (full 2):
 PSYoungGen      total 19456K, used 2074K [0x00000000d5580000, 0x00000000d6a80000, 0x0000000100000000)
  eden space 18432K, 7% used [0x00000000d5580000,0x00000000d56d6068,0x00000000d6780000)
  from space 1024K, 68% used [0x00000000d6980000,0x00000000d6a308c8,0x00000000d6a80000)
  to   space 1024K, 0% used [0x00000000d6880000,0x00000000d6880000,0x00000000d6980000)
 ParOldGen       total 68608K, used 41754K [0x0000000080000000, 0x0000000084300000, 0x00000000d5580000)
  object space 68608K, 60% used [0x0000000080000000,0x00000000828c68b8,0x0000000084300000)
 Metaspace       used 58516K, committed 59776K, reserved 1114112K
  class space    used 7329K, committed 7936K, reserved 1048576K
}
Event: 24.119 GC heap after
{Heap after GC invocations=37 (full 2):
 PSYoungGen      total 19456K, used 352K [0x00000000d5580000, 0x00000000d6a00000, 0x0000000100000000)
  eden space 18432K, 0% used [0x00000000d5580000,0x00000000d5580000,0x00000000d6780000)
  from space 1024K, 34% used [0x00000000d6880000,0x00000000d68d8000,0x00000000d6980000)
  to   space 512K, 0% used [0x00000000d6980000,0x00000000d6980000,0x00000000d6a00000)
 ParOldGen       total 68608K, used 42290K [0x0000000080000000, 0x0000000084300000, 0x00000000d5580000)
  object space 68608K, 61% used [0x0000000080000000,0x000000008294c968,0x0000000084300000)
 Metaspace       used 58516K, committed 59776K, reserved 1114112K
  class space    used 7329K, committed 7936K, reserved 1048576K
}
Event: 24.119 GC heap before
{Heap before GC invocations=38 (full 3):
 PSYoungGen      total 19456K, used 352K [0x00000000d5580000, 0x00000000d6a00000, 0x0000000100000000)
  eden space 18432K, 0% used [0x00000000d5580000,0x00000000d5580000,0x00000000d6780000)
  from space 1024K, 34% used [0x00000000d6880000,0x00000000d68d8000,0x00000000d6980000)
  to   space 512K, 0% used [0x00000000d6980000,0x00000000d6980000,0x00000000d6a00000)
 ParOldGen       total 68608K, used 42290K [0x0000000080000000, 0x0000000084300000, 0x00000000d5580000)
  object space 68608K, 61% used [0x0000000080000000,0x000000008294c968,0x0000000084300000)
 Metaspace       used 58516K, committed 59776K, reserved 1114112K
  class space    used 7329K, committed 7936K, reserved 1048576K
}
Event: 24.204 GC heap after
{Heap after GC invocations=38 (full 3):
 PSYoungGen      total 19456K, used 0K [0x00000000d5580000, 0x00000000d6a00000, 0x0000000100000000)
  eden space 18432K, 0% used [0x00000000d5580000,0x00000000d5580000,0x00000000d6780000)
  from space 1024K, 0% used [0x00000000d6880000,0x00000000d6880000,0x00000000d6980000)
  to   space 512K, 0% used [0x00000000d6980000,0x00000000d6980000,0x00000000d6a00000)
 ParOldGen       total 68608K, used 38747K [0x0000000080000000, 0x0000000084300000, 0x00000000d5580000)
  object space 68608K, 56% used [0x0000000080000000,0x00000000825d6e00,0x0000000084300000)
 Metaspace       used 58516K, committed 59776K, reserved 1114112K
  class space    used 7329K, committed 7936K, reserved 1048576K
}
Event: 24.502 GC heap before
{Heap before GC invocations=39 (full 3):
 PSYoungGen      total 19456K, used 18432K [0x00000000d5580000, 0x00000000d6a00000, 0x0000000100000000)
  eden space 18432K, 100% used [0x00000000d5580000,0x00000000d6780000,0x00000000d6780000)
  from space 1024K, 0% used [0x00000000d6880000,0x00000000d6880000,0x00000000d6980000)
  to   space 512K, 0% used [0x00000000d6980000,0x00000000d6980000,0x00000000d6a00000)
 ParOldGen       total 68608K, used 38747K [0x0000000080000000, 0x0000000084300000, 0x00000000d5580000)
  object space 68608K, 56% used [0x0000000080000000,0x00000000825d6e00,0x0000000084300000)
 Metaspace       used 59099K, committed 60352K, reserved 1114112K
  class space    used 7436K, committed 8000K, reserved 1048576K
}
Event: 24.503 GC heap after
{Heap after GC invocations=39 (full 3):
 PSYoungGen      total 18944K, used 501K [0x00000000d5580000, 0x00000000d6a00000, 0x0000000100000000)
  eden space 18432K, 0% used [0x00000000d5580000,0x00000000d5580000,0x00000000d6780000)
  from space 512K, 97% used [0x00000000d6980000,0x00000000d69fd5d8,0x00000000d6a00000)
  to   space 1024K, 0% used [0x00000000d6800000,0x00000000d6800000,0x00000000d6900000)
 ParOldGen       total 68608K, used 38836K [0x0000000080000000, 0x0000000084300000, 0x00000000d5580000)
  object space 68608K, 56% used [0x0000000080000000,0x00000000825ed2a8,0x0000000084300000)
 Metaspace       used 59099K, committed 60352K, reserved 1114112K
  class space    used 7436K, committed 8000K, reserved 1048576K
}
Event: 24.715 GC heap before
{Heap before GC invocations=40 (full 3):
 PSYoungGen      total 18944K, used 18933K [0x00000000d5580000, 0x00000000d6a00000, 0x0000000100000000)
  eden space 18432K, 100% used [0x00000000d5580000,0x00000000d6780000,0x00000000d6780000)
  from space 512K, 97% used [0x00000000d6980000,0x00000000d69fd5d8,0x00000000d6a00000)
  to   space 1024K, 0% used [0x00000000d6800000,0x00000000d6800000,0x00000000d6900000)
 ParOldGen       total 68608K, used 38836K [0x0000000080000000, 0x0000000084300000, 0x00000000d5580000)
  object space 68608K, 56% used [0x0000000080000000,0x00000000825ed2a8,0x0000000084300000)
 Metaspace       used 59099K, committed 60352K, reserved 1114112K
  class space    used 7436K, committed 8000K, reserved 1048576K
}
Event: 24.717 GC heap after
{Heap after GC invocations=40 (full 3):
 PSYoungGen      total 19456K, used 577K [0x00000000d5580000, 0x00000000d6a00000, 0x0000000100000000)
  eden space 18432K, 0% used [0x00000000d5580000,0x00000000d5580000,0x00000000d6780000)
  from space 1024K, 56% used [0x00000000d6800000,0x00000000d68907e0,0x00000000d6900000)
  to   space 1024K, 0% used [0x00000000d6900000,0x00000000d6900000,0x00000000d6a00000)
 ParOldGen       total 68608K, used 39336K [0x0000000080000000, 0x0000000084300000, 0x00000000d5580000)
  object space 68608K, 57% used [0x0000000080000000,0x000000008266a060,0x0000000084300000)
 Metaspace       used 59099K, committed 60352K, reserved 1114112K
  class space    used 7436K, committed 8000K, reserved 1048576K
}
Event: 24.923 GC heap before
{Heap before GC invocations=41 (full 3):
 PSYoungGen      total 19456K, used 19009K [0x00000000d5580000, 0x00000000d6a00000, 0x0000000100000000)
  eden space 18432K, 100% used [0x00000000d5580000,0x00000000d6780000,0x00000000d6780000)
  from space 1024K, 56% used [0x00000000d6800000,0x00000000d68907e0,0x00000000d6900000)
  to   space 1024K, 0% used [0x00000000d6900000,0x00000000d6900000,0x00000000d6a00000)
 ParOldGen       total 68608K, used 39336K [0x0000000080000000, 0x0000000084300000, 0x00000000d5580000)
  object space 68608K, 57% used [0x0000000080000000,0x000000008266a060,0x0000000084300000)
 Metaspace       used 59099K, committed 60352K, reserved 1114112K
  class space    used 7436K, committed 8000K, reserved 1048576K
}
Event: 24.925 GC heap after
{Heap after GC invocations=41 (full 3):
 PSYoungGen      total 19456K, used 1019K [0x00000000d5580000, 0x00000000d6a80000, 0x0000000100000000)
  eden space 18432K, 0% used [0x00000000d5580000,0x00000000d5580000,0x00000000d6780000)
  from space 1024K, 99% used [0x00000000d6900000,0x00000000d69fec50,0x00000000d6a00000)
  to   space 1536K, 0% used [0x00000000d6780000,0x00000000d6780000,0x00000000d6900000)
 ParOldGen       total 68608K, used 39620K [0x0000000080000000, 0x0000000084300000, 0x00000000d5580000)
  object space 68608K, 57% used [0x0000000080000000,0x00000000826b1250,0x0000000084300000)
 Metaspace       used 59099K, committed 60352K, reserved 1114112K
  class space    used 7436K, committed 8000K, reserved 1048576K
}
Event: 25.138 GC heap before
{Heap before GC invocations=42 (full 3):
 PSYoungGen      total 19456K, used 19451K [0x00000000d5580000, 0x00000000d6a80000, 0x0000000100000000)
  eden space 18432K, 100% used [0x00000000d5580000,0x00000000d6780000,0x00000000d6780000)
  from space 1024K, 99% used [0x00000000d6900000,0x00000000d69fec50,0x00000000d6a00000)
  to   space 1536K, 0% used [0x00000000d6780000,0x00000000d6780000,0x00000000d6900000)
 ParOldGen       total 68608K, used 39620K [0x0000000080000000, 0x0000000084300000, 0x00000000d5580000)
  object space 68608K, 57% used [0x0000000080000000,0x00000000826b1250,0x0000000084300000)
 Metaspace       used 59099K, committed 60352K, reserved 1114112K
  class space    used 7436K, committed 8000K, reserved 1048576K
}
Event: 25.139 GC heap after
{Heap after GC invocations=42 (full 3):
 PSYoungGen      total 18944K, used 429K [0x00000000d5580000, 0x00000000d6980000, 0x0000000100000000)
  eden space 18432K, 0% used [0x00000000d5580000,0x00000000d5580000,0x00000000d6780000)
  from space 512K, 83% used [0x00000000d6780000,0x00000000d67eb420,0x00000000d6800000)
  to   space 1024K, 0% used [0x00000000d6880000,0x00000000d6880000,0x00000000d6980000)
 ParOldGen       total 68608K, used 39700K [0x0000000080000000, 0x0000000084300000, 0x00000000d5580000)
  object space 68608K, 57% used [0x0000000080000000,0x00000000826c5250,0x0000000084300000)
 Metaspace       used 59099K, committed 60352K, reserved 1114112K
  class space    used 7436K, committed 8000K, reserved 1048576K
}
Event: 25.366 GC heap before
{Heap before GC invocations=43 (full 3):
 PSYoungGen      total 18944K, used 18861K [0x00000000d5580000, 0x00000000d6980000, 0x0000000100000000)
  eden space 18432K, 100% used [0x00000000d5580000,0x00000000d6780000,0x00000000d6780000)
  from space 512K, 83% used [0x00000000d6780000,0x00000000d67eb420,0x00000000d6800000)
  to   space 1024K, 0% used [0x00000000d6880000,0x00000000d6880000,0x00000000d6980000)
 ParOldGen       total 68608K, used 39700K [0x0000000080000000, 0x0000000084300000, 0x00000000d5580000)
  object space 68608K, 57% used [0x0000000080000000,0x00000000826c5250,0x0000000084300000)
 Metaspace       used 59099K, committed 60352K, reserved 1114112K
  class space    used 7436K, committed 8000K, reserved 1048576K
}
Event: 25.368 GC heap after
{Heap after GC invocations=43 (full 3):
 PSYoungGen      total 18944K, used 998K [0x00000000d5580000, 0x00000000d6a80000, 0x0000000100000000)
  eden space 17920K, 0% used [0x00000000d5580000,0x00000000d5580000,0x00000000d6700000)
  from space 1024K, 97% used [0x00000000d6880000,0x00000000d6979bc8,0x00000000d6980000)
  to   space 1536K, 0% used [0x00000000d6700000,0x00000000d6700000,0x00000000d6880000)
 ParOldGen       total 68608K, used 39838K [0x0000000080000000, 0x0000000084300000, 0x00000000d5580000)
  object space 68608K, 58% used [0x0000000080000000,0x00000000826e7818,0x0000000084300000)
 Metaspace       used 59099K, committed 60352K, reserved 1114112K
  class space    used 7436K, committed 8000K, reserved 1048576K
}

